<?xml version="1.0" encoding="UTF-8"?>
<testsuite name="Test" tests="1" skipped="0" failures="0" errors="0" timestamp="2020-05-18T16:17:28" hostname="Gurpreets-MacBook-Pro.local" time="0.049">
  <properties/>
  <testcase name="testSolution" classname="Test" time="0.049"/>
  <system-out><![CDATA[]]></system-out>
  <system-err><![CDATA[]]></system-err>
</testsuite>
